2025-04-08 16:22:57 info: 服务器运行在端口 8080
2025-04-08 16:23:38 info: 正在关闭服务器...
2025-04-08 16:25:04 info: 服务器运行在端口 8080
2025-04-08 16:25:23 info: 新的WebSocket连接来自: ::1
2025-04-08 16:25:23 info: 创建新的Shell会话: 33bef7ec-8825-4651-b45f-521dffe78ccc
2025-04-08 16:25:26 info: 收到命令: ls
2025-04-08 16:25:26 info: 用户 [33bef7ec-8825-4651-b45f-521dffe78ccc] 执行命令: ls
2025-04-08 16:25:28 info: 收到命令: clear
2025-04-08 16:25:28 info: 用户 [33bef7ec-8825-4651-b45f-521dffe78ccc] 执行命令: clear
2025-04-08 16:25:28 warn: 安全警告 - 用户 [33bef7ec-8825-4651-b45f-521dffe78ccc] IP [unknown]: 尝试执行禁止的命令: clear
2025-04-08 16:25:31 info: 收到命令: clear
2025-04-08 16:25:31 info: 用户 [33bef7ec-8825-4651-b45f-521dffe78ccc] 执行命令: clear
2025-04-08 16:25:31 warn: 安全警告 - 用户 [33bef7ec-8825-4651-b45f-521dffe78ccc] IP [unknown]: 尝试执行禁止的命令: clear
2025-04-08 16:25:32 info: 收到命令: ls
2025-04-08 16:25:32 info: 用户 [33bef7ec-8825-4651-b45f-521dffe78ccc] 执行命令: ls
2025-04-08 16:25:37 info: 收到命令: cd documents
2025-04-08 16:25:37 info: 用户 [33bef7ec-8825-4651-b45f-521dffe78ccc] 执行命令: cd documents
2025-04-08 16:25:39 info: 收到命令: ssh
2025-04-08 16:25:39 info: 用户 [33bef7ec-8825-4651-b45f-521dffe78ccc] 执行命令: ssh
2025-04-08 16:25:39 warn: 安全警告 - 用户 [33bef7ec-8825-4651-b45f-521dffe78ccc] IP [unknown]: 尝试执行禁止的命令: ssh
2025-04-08 16:25:53 info: 收到命令: ls
2025-04-08 16:25:53 info: 用户 [33bef7ec-8825-4651-b45f-521dffe78ccc] 执行命令: ls
2025-04-08 16:25:58 info: 收到命令: ls -al
2025-04-08 16:25:58 info: 用户 [33bef7ec-8825-4651-b45f-521dffe78ccc] 执行命令: ls -al
2025-04-08 16:28:10 info: 服务器运行在端口 8080
2025-04-08 16:29:32 info: 新的WebSocket连接来自: ::1
2025-04-08 16:29:32 info: 创建新的Shell会话: e2bf9e7e-c716-4f36-9dfe-5beb1e7a253a, 工作目录: /Users/killaura
2025-04-08 16:29:36 info: 收到命令: ls
2025-04-08 16:29:36 info: 用户 [e2bf9e7e-c716-4f36-9dfe-5beb1e7a253a] 执行命令: ls
2025-04-08 16:29:38 info: 收到命令: clear
2025-04-08 16:29:38 info: 用户 [e2bf9e7e-c716-4f36-9dfe-5beb1e7a253a] 执行命令: clear
2025-04-08 16:29:38 info: 收到命令: ls
2025-04-08 16:29:38 info: 用户 [e2bf9e7e-c716-4f36-9dfe-5beb1e7a253a] 执行命令: ls
2025-04-08 16:29:41 info: 收到命令: clear
2025-04-08 16:29:41 info: 用户 [e2bf9e7e-c716-4f36-9dfe-5beb1e7a253a] 执行命令: clear
2025-04-08 16:30:01 info: 收到命令: dir
2025-04-08 16:30:01 info: 用户 [e2bf9e7e-c716-4f36-9dfe-5beb1e7a253a] 执行命令: dir
2025-04-08 16:30:01 error: 命令执行错误 [e2bf9e7e-c716-4f36-9dfe-5beb1e7a253a]: /bin/sh: dir: command not found

2025-04-08 16:30:05 info: 收到命令: whoami
2025-04-08 16:30:05 info: 用户 [e2bf9e7e-c716-4f36-9dfe-5beb1e7a253a] 执行命令: whoami
2025-04-08 16:30:07 info: 收到命令: clear
2025-04-08 16:30:07 info: 用户 [e2bf9e7e-c716-4f36-9dfe-5beb1e7a253a] 执行命令: clear
2025-04-08 16:31:04 info: 服务器运行在端口 8080
2025-04-08 16:31:58 info: 服务器运行在端口 8080
2025-04-08 16:33:10 info: 服务器运行在端口 8080
2025-04-08 16:33:53 info: 新的WebSocket连接来自: ::1
2025-04-08 16:33:53 info: 创建新的Shell会话: 5b5574d4-4d6a-4e6d-b94e-9ed4084f0628, 工作目录: /Users/killaura
2025-04-08 16:33:55 info: 收到命令: ls
2025-04-08 16:33:55 info: 用户 [5b5574d4-4d6a-4e6d-b94e-9ed4084f0628] 执行命令: ls
2025-04-08 16:33:57 info: 收到命令: clear
2025-04-08 16:33:57 info: 用户 [5b5574d4-4d6a-4e6d-b94e-9ed4084f0628] 执行命令: clear
2025-04-08 16:33:58 info: 收到命令: ls
2025-04-08 16:33:58 info: 用户 [5b5574d4-4d6a-4e6d-b94e-9ed4084f0628] 执行命令: ls
2025-04-08 16:34:01 info: 收到命令: cd web
2025-04-08 16:34:01 info: 用户 [5b5574d4-4d6a-4e6d-b94e-9ed4084f0628] 执行命令: cd web
2025-04-08 16:34:02 info: 收到命令: ls
2025-04-08 16:34:02 info: 用户 [5b5574d4-4d6a-4e6d-b94e-9ed4084f0628] 执行命令: ls
2025-04-08 16:34:13 info: 收到命令: vim index.html.en
2025-04-08 16:34:13 info: 用户 [5b5574d4-4d6a-4e6d-b94e-9ed4084f0628] 执行命令: vim index.html.en
2025-04-08 16:34:17 info: 收到命令: clear
2025-04-08 16:34:17 info: 用户 [5b5574d4-4d6a-4e6d-b94e-9ed4084f0628] 执行命令: clear
2025-04-08 16:34:25 info: 收到命令: pwd
2025-04-08 16:34:25 info: 用户 [5b5574d4-4d6a-4e6d-b94e-9ed4084f0628] 执行命令: pwd
2025-04-08 16:34:28 error: 命令执行错误 [5b5574d4-4d6a-4e6d-b94e-9ed4084f0628]: Vim: Warning: Output is not to a terminal
Vim: Warning: Input is not from a terminal


2025-04-08 16:34:44 info: 收到命令: clear
2025-04-08 16:34:44 info: 用户 [5b5574d4-4d6a-4e6d-b94e-9ed4084f0628] 执行命令: clear
2025-04-08 16:34:50 info: 收到命令: ping www.baidu.com
2025-04-08 16:34:50 info: 用户 [5b5574d4-4d6a-4e6d-b94e-9ed4084f0628] 执行命令: ping www.baidu.com
2025-04-08 16:35:02 info: 收到命令: ping
2025-04-08 16:35:02 info: 用户 [5b5574d4-4d6a-4e6d-b94e-9ed4084f0628] 执行命令: ping
2025-04-08 16:35:02 error: 命令执行错误 [5b5574d4-4d6a-4e6d-b94e-9ed4084f0628]: usage: ping [-AaDdfnoQqRrv] [-c count] [-G sweepmaxsize]
            [-g sweepminsize] [-h sweepincrsize] [-i wait]
            [-l preload] [-M mask | time] [-m ttl] [-p pattern]
            [-S src_addr] [-s packetsize] [-t timeout][-W waittime]
            [-z tos] host
       ping [-AaDdfLnoQqRrv] [-c count] [-I iface] [-i wait]
            [-l preload] [-M mask | time] [-m ttl] [-p pattern] [-S src_addr]
            [-s packetsize] [-T ttl] [-t timeout] [-W waittime]
            [-z tos] mcast-group
Apple specific options (to be specified before mcast-group or host like all options)
            -b boundif           # bind the socket to the interface
            -k traffic_class     # set traffic class socket option
            -K net_service_type  # set traffic class socket options
            --apple-connect       # call connect(2) in the socket
            --apple-time          # display current time

2025-04-08 16:35:05 error: 命令执行错误 [5b5574d4-4d6a-4e6d-b94e-9ed4084f0628]: 命令执行失败，退出代码: null
2025-04-08 16:35:07 info: 收到命令: ping www.baidu.com
2025-04-08 16:35:07 info: 用户 [5b5574d4-4d6a-4e6d-b94e-9ed4084f0628] 执行命令: ping www.baidu.com
2025-04-08 16:35:21 info: 收到命令: ping www.baidu.com -c 4
2025-04-08 16:35:21 info: 用户 [5b5574d4-4d6a-4e6d-b94e-9ed4084f0628] 执行命令: ping www.baidu.com -c 4
2025-04-08 16:35:22 error: 命令执行错误 [5b5574d4-4d6a-4e6d-b94e-9ed4084f0628]: 命令执行失败，退出代码: null
2025-04-08 16:35:37 info: 收到命令: ~/Desktop/relum main* CTF_3.11 ❯ cd .. && npm start & [1] 9002  ~/Desktop CTF_3.11 ❯ npm error Missing script: "start" npm error npm error Did you mean one of these? npm error   npm star # Mark your favorite packages npm error   npm stars # View packages marked as favorites npm error npm error To see a list of scripts, run: npm error   npm run npm error A complete log of this run can be found in: /Users/killaura/.npm/_logs/2025-04-08T08_21_53_579Z-debug-0.log  [1]  + 9002 exit 1     npm st
2025-04-08 16:35:37 info: 用户 [5b5574d4-4d6a-4e6d-b94e-9ed4084f0628] 执行命令: ~/Desktop/relum main* CTF_3.11 ❯ cd .. && npm start & [1] 9002  ~/Desktop CTF_3.11 ❯ npm error Missing script: "start" npm error npm error Did you mean one of these? npm error   npm star # Mark your favorite packages npm error   npm stars # View packages marked as favorites npm error npm error To see a list of scripts, run: npm error   npm run npm error A complete log of this run can be found in: /Users/killaura/.npm/_logs/2025-04-08T08_21_53_579Z-debug-0.log  [1]  + 9002 exit 1     npm st
2025-04-08 16:35:37 error: 命令执行错误 [5b5574d4-4d6a-4e6d-b94e-9ed4084f0628]: /bin/sh: /Users/killaura/Desktop/relum: is a directory
/bin/sh: [1]: command not found

2025-04-08 16:35:46 info: 收到命令: ping www.baidu.com -c 4
2025-04-08 16:35:46 info: 用户 [5b5574d4-4d6a-4e6d-b94e-9ed4084f0628] 执行命令: ping www.baidu.com -c 4
2025-04-08 16:36:00 info: 收到命令: clear
2025-04-08 16:36:00 info: 用户 [5b5574d4-4d6a-4e6d-b94e-9ed4084f0628] 执行命令: clear
2025-04-08 16:36:04 info: 收到命令: exit
2025-04-08 16:36:04 info: 用户 [5b5574d4-4d6a-4e6d-b94e-9ed4084f0628] 执行命令: exit
2025-04-08 16:36:04 info: 终止Shell会话: 5b5574d4-4d6a-4e6d-b94e-9ed4084f0628
2025-04-08 16:36:04 info: WebSocket连接关闭: ::1
2025-04-08 16:36:04 info: 终止Shell会话: 5b5574d4-4d6a-4e6d-b94e-9ed4084f0628
2025-04-08 16:36:04 info: 新的WebSocket连接来自: ::1
2025-04-08 16:36:04 info: 创建新的Shell会话: 1d76e1f7-448c-40e2-b7d0-3d919be9ca18, 工作目录: /Users/killaura
2025-04-08 16:36:05 info: 收到命令: exit
2025-04-08 16:36:05 info: 用户 [1d76e1f7-448c-40e2-b7d0-3d919be9ca18] 执行命令: exit
2025-04-08 16:36:05 info: 终止Shell会话: 1d76e1f7-448c-40e2-b7d0-3d919be9ca18
2025-04-08 16:36:05 info: WebSocket连接关闭: ::1
2025-04-08 16:36:05 info: 终止Shell会话: 1d76e1f7-448c-40e2-b7d0-3d919be9ca18
2025-04-08 16:36:21 info: 正在关闭服务器...
2025-04-08 16:38:11 info: 服务器运行在端口 8080
2025-04-08 16:38:38 info: 新的WebSocket连接来自: ::1
2025-04-08 16:38:38 info: 创建新的Shell会话: ff65e325-3049-47b1-892b-d46f9b6f5a48, 工作目录: /Users/killaura
2025-04-08 16:38:42 info: 收到命令: ls
2025-04-08 16:38:42 info: 用户 [ff65e325-3049-47b1-892b-d46f9b6f5a48] 执行命令: ls
2025-04-08 16:38:44 info: 收到命令: clear
2025-04-08 16:38:44 info: 用户 [ff65e325-3049-47b1-892b-d46f9b6f5a48] 执行命令: clear
2025-04-08 16:38:45 info: 收到命令: exit
2025-04-08 16:38:45 info: 用户 [ff65e325-3049-47b1-892b-d46f9b6f5a48] 执行命令: exit
2025-04-08 16:38:45 info: 终止Shell会话: ff65e325-3049-47b1-892b-d46f9b6f5a48
2025-04-08 16:38:45 info: WebSocket连接关闭: ::1
2025-04-08 16:38:45 info: 终止Shell会话: ff65e325-3049-47b1-892b-d46f9b6f5a48
2025-04-08 16:39:06 info: 新的WebSocket连接来自: ::1
2025-04-08 16:39:06 info: 创建新的Shell会话: 6df0d6a6-73a5-48dd-8fab-00541fa1a119, 工作目录: /Users/killaura
2025-04-08 16:39:24 info: 收到命令: exit
2025-04-08 16:39:24 info: 用户 [6df0d6a6-73a5-48dd-8fab-00541fa1a119] 执行命令: exit
2025-04-08 16:39:24 info: 终止Shell会话: 6df0d6a6-73a5-48dd-8fab-00541fa1a119
2025-04-08 16:39:24 info: WebSocket连接关闭: ::1
2025-04-08 16:39:24 info: 终止Shell会话: 6df0d6a6-73a5-48dd-8fab-00541fa1a119
2025-04-08 16:39:28 info: 新的WebSocket连接来自: ::1
2025-04-08 16:39:28 info: 创建新的Shell会话: 23e985d5-1fd5-43ff-b2f6-171d63c603e9, 工作目录: /Users/killaura
2025-04-08 16:39:30 info: 收到命令: ls
2025-04-08 16:39:30 info: 用户 [23e985d5-1fd5-43ff-b2f6-171d63c603e9] 执行命令: ls
2025-04-08 16:39:34 info: 收到命令: whoami
2025-04-08 16:39:34 info: 用户 [23e985d5-1fd5-43ff-b2f6-171d63c603e9] 执行命令: whoami
2025-04-08 16:39:36 info: 收到命令: pwd
2025-04-08 16:39:36 info: 用户 [23e985d5-1fd5-43ff-b2f6-171d63c603e9] 执行命令: pwd
2025-04-08 16:40:38 info: 收到命令: exit
2025-04-08 16:40:38 info: 用户 [23e985d5-1fd5-43ff-b2f6-171d63c603e9] 执行命令: exit
2025-04-08 16:40:38 info: 终止Shell会话: 23e985d5-1fd5-43ff-b2f6-171d63c603e9
2025-04-08 16:40:38 info: WebSocket连接关闭: ::1
2025-04-08 16:40:38 info: 终止Shell会话: 23e985d5-1fd5-43ff-b2f6-171d63c603e9
2025-04-08 16:48:36 info: 服务器运行在端口 8080
2025-04-08 16:48:47 info: 正在关闭服务器...
2025-04-08 16:48:54 info: 服务器运行在端口 8080
2025-04-08 16:49:08 info: 服务器运行在端口 8080
2025-04-08 16:55:54 info: 服务器运行在端口 8080
2025-04-08 16:56:23 info: 服务器运行在端口 8080
2025-04-08 16:56:26 info: 服务器运行在端口 8080
